<?xml version="1.0" encoding="UTF-8"?>
<coverage generated="1735550849947" clover="3.2.0">
  <project timestamp="1735550849947" name="All files">
    <metrics statements="118" coveredstatements="118" conditionals="20" coveredconditionals="17" methods="49" coveredmethods="49" elements="187" coveredelements="184" complexity="0" loc="118" ncloc="118" packages="7" files="30" classes="30"/>
    <package name="about">
      <metrics statements="27" coveredstatements="27" conditionals="4" coveredconditionals="4" methods="13" coveredmethods="13"/>
      <file name="Breadcrumb.jsx" path="D:\Lumoshive\Web\Tugas Praktik\GitHub\Final Project E-Commerce Kelompok 3\Final-Project-E-Commerce-Kelompok-3\src\components\about\Breadcrumb.jsx">
        <metrics statements="2" coveredstatements="2" conditionals="0" coveredconditionals="0" methods="1" coveredmethods="1"/>
        <line num="5" count="1" type="stmt"/>
        <line num="6" count="2" type="stmt"/>
      </file>
      <file name="ServiceCard.jsx" path="D:\Lumoshive\Web\Tugas Praktik\GitHub\Final Project E-Commerce Kelompok 3\Final-Project-E-Commerce-Kelompok-3\src\components\about\ServiceCard.jsx">
        <metrics statements="3" coveredstatements="3" conditionals="0" coveredconditionals="0" methods="1" coveredmethods="1"/>
        <line num="4" count="1" type="stmt"/>
        <line num="5" count="2" type="stmt"/>
        <line num="20" count="1" type="stmt"/>
      </file>
      <file name="ServicesSection.jsx" path="D:\Lumoshive\Web\Tugas Praktik\GitHub\Final Project E-Commerce Kelompok 3\Final-Project-E-Commerce-Kelompok-3\src\components\about\ServicesSection.jsx">
        <metrics statements="5" coveredstatements="5" conditionals="2" coveredconditionals="2" methods="3" coveredmethods="3"/>
        <line num="8" count="1" type="stmt"/>
        <line num="9" count="2" type="stmt"/>
        <line num="27" count="2" type="stmt"/>
        <line num="32" count="6" type="stmt"/>
        <line num="37" count="6" type="stmt"/>
      </file>
      <file name="StatCard.jsx" path="D:\Lumoshive\Web\Tugas Praktik\GitHub\Final Project E-Commerce Kelompok 3\Final-Project-E-Commerce-Kelompok-3\src\components\about\StatCard.jsx">
        <metrics statements="3" coveredstatements="3" conditionals="0" coveredconditionals="0" methods="1" coveredmethods="1"/>
        <line num="4" count="1" type="stmt"/>
        <line num="5" count="2" type="stmt"/>
        <line num="28" count="1" type="stmt"/>
      </file>
      <file name="StatsSection.jsx" path="D:\Lumoshive\Web\Tugas Praktik\GitHub\Final Project E-Commerce Kelompok 3\Final-Project-E-Commerce-Kelompok-3\src\components\about\StatsSection.jsx">
        <metrics statements="4" coveredstatements="4" conditionals="0" coveredconditionals="0" methods="2" coveredmethods="2"/>
        <line num="9" count="1" type="stmt"/>
        <line num="10" count="1" type="stmt"/>
        <line num="33" count="1" type="stmt"/>
        <line num="37" count="4" type="stmt"/>
      </file>
      <file name="StorySection.jsx" path="D:\Lumoshive\Web\Tugas Praktik\GitHub\Final Project E-Commerce Kelompok 3\Final-Project-E-Commerce-Kelompok-3\src\components\about\StorySection.jsx">
        <metrics statements="2" coveredstatements="2" conditionals="0" coveredconditionals="0" methods="1" coveredmethods="1"/>
        <line num="5" count="1" type="stmt"/>
        <line num="6" count="4" type="stmt"/>
      </file>
      <file name="TeamMember.jsx" path="D:\Lumoshive\Web\Tugas Praktik\GitHub\Final Project E-Commerce Kelompok 3\Final-Project-E-Commerce-Kelompok-3\src\components\about\TeamMember.jsx">
        <metrics statements="3" coveredstatements="3" conditionals="0" coveredconditionals="0" methods="1" coveredmethods="1"/>
        <line num="7" count="2" type="stmt"/>
        <line num="8" count="16" type="stmt"/>
        <line num="32" count="2" type="stmt"/>
      </file>
      <file name="TeamSection.jsx" path="D:\Lumoshive\Web\Tugas Praktik\GitHub\Final Project E-Commerce Kelompok 3\Final-Project-E-Commerce-Kelompok-3\src\components\about\TeamSection.jsx">
        <metrics statements="5" coveredstatements="5" conditionals="2" coveredconditionals="2" methods="3" coveredmethods="3"/>
        <line num="8" count="1" type="stmt"/>
        <line num="9" count="5" type="stmt"/>
        <line num="27" count="5" type="stmt"/>
        <line num="31" count="15" type="stmt"/>
        <line num="37" count="25" type="cond" truecount="2" falsecount="0"/>
      </file>
    </package>
    <package name="cart">
      <metrics statements="14" coveredstatements="14" conditionals="0" coveredconditionals="0" methods="6" coveredmethods="6"/>
      <file name="Breadcrumb.jsx" path="D:\Lumoshive\Web\Tugas Praktik\GitHub\Final Project E-Commerce Kelompok 3\Final-Project-E-Commerce-Kelompok-3\src\components\cart\Breadcrumb.jsx">
        <metrics statements="2" coveredstatements="2" conditionals="0" coveredconditionals="0" methods="1" coveredmethods="1"/>
        <line num="5" count="1" type="stmt"/>
        <line num="6" count="1" type="stmt"/>
      </file>
      <file name="ChangeQuantityButton.jsx" path="D:\Lumoshive\Web\Tugas Praktik\GitHub\Final Project E-Commerce Kelompok 3\Final-Project-E-Commerce-Kelompok-3\src\components\cart\ChangeQuantityButton.jsx">
        <metrics statements="3" coveredstatements="3" conditionals="0" coveredconditionals="0" methods="1" coveredmethods="1"/>
        <line num="4" count="2" type="stmt"/>
        <line num="5" count="9" type="stmt"/>
        <line num="25" count="2" type="stmt"/>
      </file>
      <file name="InvoiceDetail.jsx" path="D:\Lumoshive\Web\Tugas Praktik\GitHub\Final Project E-Commerce Kelompok 3\Final-Project-E-Commerce-Kelompok-3\src\components\cart\InvoiceDetail.jsx">
        <metrics statements="3" coveredstatements="3" conditionals="0" coveredconditionals="0" methods="1" coveredmethods="1"/>
        <line num="4" count="2" type="stmt"/>
        <line num="5" count="6" type="stmt"/>
        <line num="23" count="2" type="stmt"/>
      </file>
      <file name="ProductCard.jsx" path="D:\Lumoshive\Web\Tugas Praktik\GitHub\Final Project E-Commerce Kelompok 3\Final-Project-E-Commerce-Kelompok-3\src\components\cart\ProductCard.jsx">
        <metrics statements="6" coveredstatements="6" conditionals="0" coveredconditionals="0" methods="3" coveredmethods="3"/>
        <line num="5" count="1" type="stmt"/>
        <line num="6" count="4" type="stmt"/>
        <line num="8" count="4" type="stmt"/>
        <line num="29" count="1" type="stmt"/>
        <line num="30" count="1" type="stmt"/>
        <line num="41" count="1" type="stmt"/>
      </file>
    </package>
    <package name="checkout">
      <metrics statements="11" coveredstatements="11" conditionals="0" coveredconditionals="0" methods="5" coveredmethods="5"/>
      <file name="Breadcrumb.jsx" path="D:\Lumoshive\Web\Tugas Praktik\GitHub\Final Project E-Commerce Kelompok 3\Final-Project-E-Commerce-Kelompok-3\src\components\checkout\Breadcrumb.jsx">
        <metrics statements="2" coveredstatements="2" conditionals="0" coveredconditionals="0" methods="1" coveredmethods="1"/>
        <line num="5" count="1" type="stmt"/>
        <line num="6" count="1" type="stmt"/>
      </file>
      <file name="InvoiceCard.jsx" path="D:\Lumoshive\Web\Tugas Praktik\GitHub\Final Project E-Commerce Kelompok 3\Final-Project-E-Commerce-Kelompok-3\src\components\checkout\InvoiceCard.jsx">
        <metrics statements="4" coveredstatements="4" conditionals="0" coveredconditionals="0" methods="2" coveredmethods="2"/>
        <line num="7" count="1" type="stmt"/>
        <line num="8" count="2" type="stmt"/>
        <line num="11" count="4" type="stmt"/>
        <line num="38" count="1" type="stmt"/>
      </file>
      <file name="InvoiceProduct.jsx" path="D:\Lumoshive\Web\Tugas Praktik\GitHub\Final Project E-Commerce Kelompok 3\Final-Project-E-Commerce-Kelompok-3\src\components\checkout\InvoiceProduct.jsx">
        <metrics statements="3" coveredstatements="3" conditionals="0" coveredconditionals="0" methods="1" coveredmethods="1"/>
        <line num="4" count="2" type="stmt"/>
        <line num="5" count="5" type="stmt"/>
        <line num="20" count="2" type="stmt"/>
      </file>
      <file name="ShippingCard.jsx" path="D:\Lumoshive\Web\Tugas Praktik\GitHub\Final Project E-Commerce Kelompok 3\Final-Project-E-Commerce-Kelompok-3\src\components\checkout\ShippingCard.jsx">
        <metrics statements="2" coveredstatements="2" conditionals="0" coveredconditionals="0" methods="1" coveredmethods="1"/>
        <line num="3" count="1" type="stmt"/>
        <line num="4" count="1" type="stmt"/>
      </file>
    </package>
    <package name="homepage">
      <metrics statements="12" coveredstatements="12" conditionals="0" coveredconditionals="0" methods="4" coveredmethods="4"/>
      <file name="BannerCategoriesCard.jsx" path="D:\Lumoshive\Web\Tugas Praktik\GitHub\Final Project E-Commerce Kelompok 3\Final-Project-E-Commerce-Kelompok-3\src\components\homepage\BannerCategoriesCard.jsx">
        <metrics statements="3" coveredstatements="3" conditionals="0" coveredconditionals="0" methods="1" coveredmethods="1"/>
        <line num="7" count="1" type="stmt"/>
        <line num="8" count="3" type="stmt"/>
        <line num="35" count="1" type="stmt"/>
      </file>
      <file name="CategoryCard.jsx" path="D:\Lumoshive\Web\Tugas Praktik\GitHub\Final Project E-Commerce Kelompok 3\Final-Project-E-Commerce-Kelompok-3\src\components\homepage\CategoryCard.jsx">
        <metrics statements="3" coveredstatements="3" conditionals="0" coveredconditionals="0" methods="1" coveredmethods="1"/>
        <line num="5" count="1" type="stmt"/>
        <line num="6" count="2" type="stmt"/>
        <line num="14" count="1" type="stmt"/>
      </file>
      <file name="RecommendedCard.jsx" path="D:\Lumoshive\Web\Tugas Praktik\GitHub\Final Project E-Commerce Kelompok 3\Final-Project-E-Commerce-Kelompok-3\src\components\homepage\RecommendedCard.jsx">
        <metrics statements="3" coveredstatements="3" conditionals="0" coveredconditionals="0" methods="1" coveredmethods="1"/>
        <line num="5" count="1" type="stmt"/>
        <line num="6" count="3" type="stmt"/>
        <line num="22" count="1" type="stmt"/>
      </file>
      <file name="ServiceCard.jsx" path="D:\Lumoshive\Web\Tugas Praktik\GitHub\Final Project E-Commerce Kelompok 3\Final-Project-E-Commerce-Kelompok-3\src\components\homepage\ServiceCard.jsx">
        <metrics statements="3" coveredstatements="3" conditionals="0" coveredconditionals="0" methods="1" coveredmethods="1"/>
        <line num="4" count="1" type="stmt"/>
        <line num="5" count="2" type="stmt"/>
        <line num="20" count="1" type="stmt"/>
      </file>
    </package>
    <package name="product-detail">
      <metrics statements="14" coveredstatements="14" conditionals="2" coveredconditionals="1" methods="6" coveredmethods="6"/>
      <file name="Breadcrumb.jsx" path="D:\Lumoshive\Web\Tugas Praktik\GitHub\Final Project E-Commerce Kelompok 3\Final-Project-E-Commerce-Kelompok-3\src\components\product-detail\Breadcrumb.jsx">
        <metrics statements="2" coveredstatements="2" conditionals="0" coveredconditionals="0" methods="1" coveredmethods="1"/>
        <line num="5" count="1" type="stmt"/>
        <line num="6" count="2" type="stmt"/>
      </file>
      <file name="ChangeQuantityButton.jsx" path="D:\Lumoshive\Web\Tugas Praktik\GitHub\Final Project E-Commerce Kelompok 3\Final-Project-E-Commerce-Kelompok-3\src\components\product-detail\ChangeQuantityButton.jsx">
        <metrics statements="8" coveredstatements="8" conditionals="2" coveredconditionals="1" methods="3" coveredmethods="3"/>
        <line num="3" count="1" type="stmt"/>
        <line num="4" count="9" type="stmt"/>
        <line num="6" count="9" type="stmt"/>
        <line num="7" count="1" type="cond" truecount="1" falsecount="1"/>
        <line num="8" count="1" type="stmt"/>
        <line num="11" count="9" type="stmt"/>
        <line num="12" count="2" type="stmt"/>
        <line num="15" count="9" type="stmt"/>
      </file>
      <file name="SelectSizeButton.jsx" path="D:\Lumoshive\Web\Tugas Praktik\GitHub\Final Project E-Commerce Kelompok 3\Final-Project-E-Commerce-Kelompok-3\src\components\product-detail\SelectSizeButton.jsx">
        <metrics statements="2" coveredstatements="2" conditionals="0" coveredconditionals="0" methods="1" coveredmethods="1"/>
        <line num="3" count="1" type="stmt"/>
        <line num="4" count="3" type="stmt"/>
      </file>
      <file name="ServiceCard.jsx" path="D:\Lumoshive\Web\Tugas Praktik\GitHub\Final Project E-Commerce Kelompok 3\Final-Project-E-Commerce-Kelompok-3\src\components\product-detail\ServiceCard.jsx">
        <metrics statements="2" coveredstatements="2" conditionals="0" coveredconditionals="0" methods="1" coveredmethods="1"/>
        <line num="5" count="1" type="stmt"/>
        <line num="6" count="2" type="stmt"/>
      </file>
    </package>
    <package name="products">
      <metrics statements="29" coveredstatements="29" conditionals="12" coveredconditionals="10" methods="9" coveredmethods="9"/>
      <file name="CategorySidebar.jsx" path="D:\Lumoshive\Web\Tugas Praktik\GitHub\Final Project E-Commerce Kelompok 3\Final-Project-E-Commerce-Kelompok-3\src\components\products\CategorySidebar.jsx">
        <metrics statements="5" coveredstatements="5" conditionals="4" coveredconditionals="4" methods="3" coveredmethods="3"/>
        <line num="3" count="1" type="stmt"/>
        <line num="4" count="4" type="stmt"/>
        <line num="5" count="16" type="stmt"/>
        <line num="8" count="4" type="stmt"/>
        <line num="18" count="16" type="stmt"/>
      </file>
      <file name="ProductSection.jsx" path="D:\Lumoshive\Web\Tugas Praktik\GitHub\Final Project E-Commerce Kelompok 3\Final-Project-E-Commerce-Kelompok-3\src\components\products\ProductSection.jsx">
        <metrics statements="24" coveredstatements="24" conditionals="8" coveredconditionals="6" methods="6" coveredmethods="6"/>
        <line num="5" count="1" type="stmt"/>
        <line num="6" count="13" type="stmt"/>
        <line num="7" count="13" type="stmt"/>
        <line num="9" count="13" type="stmt"/>
        <line num="10" count="6" type="stmt"/>
        <line num="11" count="7" type="stmt"/>
        <line num="12" count="7" type="cond" truecount="2" falsecount="0"/>
        <line num="13" count="1" type="stmt"/>
        <line num="15" count="6" type="stmt"/>
        <line num="17" count="7" type="stmt"/>
        <line num="21" count="6" type="stmt"/>
        <line num="24" count="6" type="stmt"/>
        <line num="27" count="6" type="stmt"/>
        <line num="28" count="6" type="stmt"/>
        <line num="32" count="13" type="stmt"/>
        <line num="33" count="2" type="cond" truecount="1" falsecount="1"/>
        <line num="34" count="2" type="stmt"/>
        <line num="35" count="2" type="stmt"/>
        <line num="38" count="2" type="cond" truecount="1" falsecount="1"/>
        <line num="39" count="2" type="stmt"/>
        <line num="43" count="13" type="stmt"/>
        <line num="45" count="13" type="stmt"/>
        <line num="55" count="84" type="stmt"/>
        <line num="75" count="1" type="stmt"/>
      </file>
    </package>
    <package name="profile">
      <metrics statements="11" coveredstatements="11" conditionals="2" coveredconditionals="2" methods="6" coveredmethods="6"/>
      <file name="AddressBookCard.jsx" path="D:\Lumoshive\Web\Tugas Praktik\GitHub\Final Project E-Commerce Kelompok 3\Final-Project-E-Commerce-Kelompok-3\src\components\profile\AddressBookCard.jsx">
        <metrics statements="3" coveredstatements="3" conditionals="2" coveredconditionals="2" methods="2" coveredmethods="2"/>
        <line num="5" count="1" type="stmt"/>
        <line num="6" count="4" type="stmt"/>
        <line num="14" count="1" type="stmt"/>
      </file>
      <file name="Breadcrumb.jsx" path="D:\Lumoshive\Web\Tugas Praktik\GitHub\Final Project E-Commerce Kelompok 3\Final-Project-E-Commerce-Kelompok-3\src\components\profile\Breadcrumb.jsx">
        <metrics statements="2" coveredstatements="2" conditionals="0" coveredconditionals="0" methods="1" coveredmethods="1"/>
        <line num="5" count="1" type="stmt"/>
        <line num="6" count="1" type="stmt"/>
      </file>
      <file name="MyOrders.jsx" path="D:\Lumoshive\Web\Tugas Praktik\GitHub\Final Project E-Commerce Kelompok 3\Final-Project-E-Commerce-Kelompok-3\src\components\profile\MyOrders.jsx">
        <metrics statements="4" coveredstatements="4" conditionals="0" coveredconditionals="0" methods="2" coveredmethods="2"/>
        <line num="7" count="1" type="stmt"/>
        <line num="8" count="2" type="stmt"/>
        <line num="31" count="2" type="stmt"/>
        <line num="35" count="6" type="stmt"/>
      </file>
      <file name="OrderCard.jsx" path="D:\Lumoshive\Web\Tugas Praktik\GitHub\Final Project E-Commerce Kelompok 3\Final-Project-E-Commerce-Kelompok-3\src\components\profile\OrderCard.jsx">
        <metrics statements="2" coveredstatements="2" conditionals="0" coveredconditionals="0" methods="1" coveredmethods="1"/>
        <line num="3" count="2" type="stmt"/>
        <line num="4" count="8" type="stmt"/>
      </file>
    </package>
  </project>
</coverage>
