{"D:\\Lumoshive\\Web\\Tugas Praktik\\GitHub\\Final Project E-Commerce Kelompok 3\\Final-Project-E-Commerce-Kelompok-3\\src\\components\\about\\Breadcrumb.jsx": {"path":"D:\\Lumoshive\\Web\\Tugas Praktik\\GitHub\\Final Project E-Commerce Kelompok 3\\Final-Project-E-Commerce-Kelompok-3\\src\\components\\about\\Breadcrumb.jsx","statementMap":{"0":{"start":{"line":5,"column":19},"end":{"line":15,"column":1}},"1":{"start":{"line":6,"column":2},"end":{"line":14,"column":4}}},"fnMap":{"0":{"name":"(anonymous_0)","decl":{"start":{"line":5,"column":19},"end":{"line":5,"column":20}},"loc":{"start":{"line":5,"column":25},"end":{"line":15,"column":1}},"line":5}},"branchMap":{},"s":{"0":1,"1":2},"f":{"0":2},"b":{},"_coverageSchema":"1a1c01bbd47fc00a2c39e90264f33305004495a9","hash":"41b9ec803a60b6cf38e7a920156f23a4ec7a8dd5"}
,"D:\\Lumoshive\\Web\\Tugas Praktik\\GitHub\\Final Project E-Commerce Kelompok 3\\Final-Project-E-Commerce-Kelompok-3\\src\\components\\about\\ServiceCard.jsx": {"path":"D:\\Lumoshive\\Web\\Tugas Praktik\\GitHub\\Final Project E-Commerce Kelompok 3\\Final-Project-E-Commerce-Kelompok-3\\src\\components\\about\\ServiceCard.jsx","statementMap":{"0":{"start":{"line":4,"column":20},"end":{"line":18,"column":1}},"1":{"start":{"line":5,"column":2},"end":{"line":17,"column":3}},"2":{"start":{"line":20,"column":0},"end":{"line":24,"column":1}}},"fnMap":{"0":{"name":"(anonymous_0)","decl":{"start":{"line":4,"column":20},"end":{"line":4,"column":21}},"loc":{"start":{"line":4,"column":55},"end":{"line":18,"column":1}},"line":4}},"branchMap":{},"s":{"0":1,"1":2,"2":1},"f":{"0":2},"b":{},"_coverageSchema":"1a1c01bbd47fc00a2c39e90264f33305004495a9","hash":"a759b79a6a0cd6f425add8b4bb376d0d58ca074f"}
,"D:\\Lumoshive\\Web\\Tugas Praktik\\GitHub\\Final Project E-Commerce Kelompok 3\\Final-Project-E-Commerce-Kelompok-3\\src\\components\\about\\ServicesSection.jsx": {"path":"D:\\Lumoshive\\Web\\Tugas Praktik\\GitHub\\Final Project E-Commerce Kelompok 3\\Final-Project-E-Commerce-Kelompok-3\\src\\components\\about\\ServicesSection.jsx","statementMap":{"0":{"start":{"line":8,"column":24},"end":{"line":50,"column":1}},"1":{"start":{"line":9,"column":19},"end":{"line":25,"column":3}},"2":{"start":{"line":27,"column":2},"end":{"line":49,"column":4}},"3":{"start":{"line":32,"column":12},"end":{"line":32,"column":52}},"4":{"start":{"line":37,"column":12},"end":{"line":44,"column":18}}},"fnMap":{"0":{"name":"(anonymous_0)","decl":{"start":{"line":8,"column":24},"end":{"line":8,"column":25}},"loc":{"start":{"line":8,"column":30},"end":{"line":50,"column":1}},"line":8},"1":{"name":"(anonymous_1)","decl":{"start":{"line":31,"column":24},"end":{"line":31,"column":25}},"loc":{"start":{"line":32,"column":12},"end":{"line":32,"column":52}},"line":32},"2":{"name":"(anonymous_2)","decl":{"start":{"line":36,"column":24},"end":{"line":36,"column":25}},"loc":{"start":{"line":37,"column":12},"end":{"line":44,"column":18}},"line":37}},"branchMap":{"0":{"loc":{"start":{"line":40,"column":16},"end":{"line":40,"column":67}},"type":"cond-expr","locations":[{"start":{"line":40,"column":30},"end":{"line":40,"column":62}},{"start":{"line":40,"column":65},"end":{"line":40,"column":67}}],"line":40}},"s":{"0":1,"1":2,"2":2,"3":6,"4":6},"f":{"0":2,"1":6,"2":6},"b":{"0":[2,4]},"_coverageSchema":"1a1c01bbd47fc00a2c39e90264f33305004495a9","hash":"2669a27caffcbb2fcb3c6dbe6ebf1d9eb6e3eb00"}
,"D:\\Lumoshive\\Web\\Tugas Praktik\\GitHub\\Final Project E-Commerce Kelompok 3\\Final-Project-E-Commerce-Kelompok-3\\src\\components\\about\\StatCard.jsx": {"path":"D:\\Lumoshive\\Web\\Tugas Praktik\\GitHub\\Final Project E-Commerce Kelompok 3\\Final-Project-E-Commerce-Kelompok-3\\src\\components\\about\\StatCard.jsx","statementMap":{"0":{"start":{"line":4,"column":17},"end":{"line":26,"column":1}},"1":{"start":{"line":5,"column":2},"end":{"line":25,"column":4}},"2":{"start":{"line":28,"column":0},"end":{"line":32,"column":2}}},"fnMap":{"0":{"name":"(anonymous_0)","decl":{"start":{"line":4,"column":17},"end":{"line":4,"column":18}},"loc":{"start":{"line":4,"column":46},"end":{"line":26,"column":1}},"line":4}},"branchMap":{},"s":{"0":1,"1":2,"2":1},"f":{"0":2},"b":{},"_coverageSchema":"1a1c01bbd47fc00a2c39e90264f33305004495a9","hash":"4d63eab8c2e7087bec0701d768e8a719c980ff63"}
,"D:\\Lumoshive\\Web\\Tugas Praktik\\GitHub\\Final Project E-Commerce Kelompok 3\\Final-Project-E-Commerce-Kelompok-3\\src\\components\\about\\StatsSection.jsx": {"path":"D:\\Lumoshive\\Web\\Tugas Praktik\\GitHub\\Final Project E-Commerce Kelompok 3\\Final-Project-E-Commerce-Kelompok-3\\src\\components\\about\\StatsSection.jsx","statementMap":{"0":{"start":{"line":9,"column":21},"end":{"line":47,"column":1}},"1":{"start":{"line":10,"column":16},"end":{"line":31,"column":3}},"2":{"start":{"line":33,"column":2},"end":{"line":46,"column":4}},"3":{"start":{"line":37,"column":10},"end":{"line":42,"column":12}}},"fnMap":{"0":{"name":"(anonymous_0)","decl":{"start":{"line":9,"column":21},"end":{"line":9,"column":22}},"loc":{"start":{"line":9,"column":27},"end":{"line":47,"column":1}},"line":9},"1":{"name":"(anonymous_1)","decl":{"start":{"line":36,"column":19},"end":{"line":36,"column":20}},"loc":{"start":{"line":37,"column":10},"end":{"line":42,"column":12}},"line":37}},"branchMap":{},"s":{"0":1,"1":1,"2":1,"3":4},"f":{"0":1,"1":4},"b":{},"_coverageSchema":"1a1c01bbd47fc00a2c39e90264f33305004495a9","hash":"daa371d264d50ffbc37ef843b35bca4808749183"}
,"D:\\Lumoshive\\Web\\Tugas Praktik\\GitHub\\Final Project E-Commerce Kelompok 3\\Final-Project-E-Commerce-Kelompok-3\\src\\components\\about\\StorySection.jsx": {"path":"D:\\Lumoshive\\Web\\Tugas Praktik\\GitHub\\Final Project E-Commerce Kelompok 3\\Final-Project-E-Commerce-Kelompok-3\\src\\components\\about\\StorySection.jsx","statementMap":{"0":{"start":{"line":5,"column":21},"end":{"line":30,"column":1}},"1":{"start":{"line":6,"column":2},"end":{"line":29,"column":4}}},"fnMap":{"0":{"name":"(anonymous_0)","decl":{"start":{"line":5,"column":21},"end":{"line":5,"column":22}},"loc":{"start":{"line":5,"column":27},"end":{"line":30,"column":1}},"line":5}},"branchMap":{},"s":{"0":1,"1":4},"f":{"0":4},"b":{},"_coverageSchema":"1a1c01bbd47fc00a2c39e90264f33305004495a9","hash":"19734651cc2e1b4c06bbe44d087fc119ed980e49"}
,"D:\\Lumoshive\\Web\\Tugas Praktik\\GitHub\\Final Project E-Commerce Kelompok 3\\Final-Project-E-Commerce-Kelompok-3\\src\\components\\about\\TeamMember.jsx": {"path":"D:\\Lumoshive\\Web\\Tugas Praktik\\GitHub\\Final Project E-Commerce Kelompok 3\\Final-Project-E-Commerce-Kelompok-3\\src\\components\\about\\TeamMember.jsx","statementMap":{"0":{"start":{"line":7,"column":19},"end":{"line":30,"column":1}},"1":{"start":{"line":8,"column":2},"end":{"line":29,"column":4}},"2":{"start":{"line":32,"column":0},"end":{"line":36,"column":2}}},"fnMap":{"0":{"name":"(anonymous_0)","decl":{"start":{"line":7,"column":19},"end":{"line":7,"column":20}},"loc":{"start":{"line":7,"column":46},"end":{"line":30,"column":1}},"line":7}},"branchMap":{},"s":{"0":2,"1":16,"2":2},"f":{"0":16},"b":{},"_coverageSchema":"1a1c01bbd47fc00a2c39e90264f33305004495a9","hash":"27707280aae165baead3ce9455e64425fe905b99"}
,"D:\\Lumoshive\\Web\\Tugas Praktik\\GitHub\\Final Project E-Commerce Kelompok 3\\Final-Project-E-Commerce-Kelompok-3\\src\\components\\about\\TeamSection.jsx": {"path":"D:\\Lumoshive\\Web\\Tugas Praktik\\GitHub\\Final Project E-Commerce Kelompok 3\\Final-Project-E-Commerce-Kelompok-3\\src\\components\\about\\TeamSection.jsx","statementMap":{"0":{"start":{"line":8,"column":20},"end":{"line":42,"column":1}},"1":{"start":{"line":9,"column":22},"end":{"line":25,"column":3}},"2":{"start":{"line":27,"column":2},"end":{"line":41,"column":4}},"3":{"start":{"line":31,"column":10},"end":{"line":31,"column":48}},"4":{"start":{"line":37,"column":10},"end":{"line":37,"column":104}}},"fnMap":{"0":{"name":"(anonymous_0)","decl":{"start":{"line":8,"column":20},"end":{"line":8,"column":21}},"loc":{"start":{"line":8,"column":26},"end":{"line":42,"column":1}},"line":8},"1":{"name":"(anonymous_1)","decl":{"start":{"line":30,"column":25},"end":{"line":30,"column":26}},"loc":{"start":{"line":31,"column":10},"end":{"line":31,"column":48}},"line":31},"2":{"name":"(anonymous_2)","decl":{"start":{"line":36,"column":29},"end":{"line":36,"column":30}},"loc":{"start":{"line":37,"column":10},"end":{"line":37,"column":104}},"line":37}},"branchMap":{"0":{"loc":{"start":{"line":37,"column":58},"end":{"line":37,"column":98}},"type":"cond-expr","locations":[{"start":{"line":37,"column":68},"end":{"line":37,"column":82}},{"start":{"line":37,"column":85},"end":{"line":37,"column":98}}],"line":37}},"s":{"0":1,"1":5,"2":5,"3":15,"4":25},"f":{"0":5,"1":15,"2":25},"b":{"0":[5,20]},"_coverageSchema":"1a1c01bbd47fc00a2c39e90264f33305004495a9","hash":"227d40aba1d1c7d10cd67dffb960b8d4a6648130"}
,"D:\\Lumoshive\\Web\\Tugas Praktik\\GitHub\\Final Project E-Commerce Kelompok 3\\Final-Project-E-Commerce-Kelompok-3\\src\\components\\cart\\Breadcrumb.jsx": {"path":"D:\\Lumoshive\\Web\\Tugas Praktik\\GitHub\\Final Project E-Commerce Kelompok 3\\Final-Project-E-Commerce-Kelompok-3\\src\\components\\cart\\Breadcrumb.jsx","statementMap":{"0":{"start":{"line":5,"column":19},"end":{"line":15,"column":1}},"1":{"start":{"line":6,"column":2},"end":{"line":14,"column":4}}},"fnMap":{"0":{"name":"(anonymous_0)","decl":{"start":{"line":5,"column":19},"end":{"line":5,"column":20}},"loc":{"start":{"line":5,"column":25},"end":{"line":15,"column":1}},"line":5}},"branchMap":{},"s":{"0":1,"1":1},"f":{"0":1},"b":{},"_coverageSchema":"1a1c01bbd47fc00a2c39e90264f33305004495a9","hash":"7285181d746a37614d6b79f84ad1ff22035021f1"}
,"D:\\Lumoshive\\Web\\Tugas Praktik\\GitHub\\Final Project E-Commerce Kelompok 3\\Final-Project-E-Commerce-Kelompok-3\\src\\components\\cart\\ChangeQuantityButton.jsx": {"path":"D:\\Lumoshive\\Web\\Tugas Praktik\\GitHub\\Final Project E-Commerce Kelompok 3\\Final-Project-E-Commerce-Kelompok-3\\src\\components\\cart\\ChangeQuantityButton.jsx","statementMap":{"0":{"start":{"line":4,"column":29},"end":{"line":23,"column":1}},"1":{"start":{"line":5,"column":2},"end":{"line":22,"column":4}},"2":{"start":{"line":25,"column":0},"end":{"line":29,"column":2}}},"fnMap":{"0":{"name":"(anonymous_0)","decl":{"start":{"line":4,"column":29},"end":{"line":4,"column":30}},"loc":{"start":{"line":4,"column":71},"end":{"line":23,"column":1}},"line":4}},"branchMap":{},"s":{"0":2,"1":9,"2":2},"f":{"0":9},"b":{},"_coverageSchema":"1a1c01bbd47fc00a2c39e90264f33305004495a9","hash":"86a3af5189baa08ba21327b14cc92bd3d1c87b7b"}
,"D:\\Lumoshive\\Web\\Tugas Praktik\\GitHub\\Final Project E-Commerce Kelompok 3\\Final-Project-E-Commerce-Kelompok-3\\src\\components\\cart\\InvoiceDetail.jsx": {"path":"D:\\Lumoshive\\Web\\Tugas Praktik\\GitHub\\Final Project E-Commerce Kelompok 3\\Final-Project-E-Commerce-Kelompok-3\\src\\components\\cart\\InvoiceDetail.jsx","statementMap":{"0":{"start":{"line":4,"column":22},"end":{"line":21,"column":1}},"1":{"start":{"line":5,"column":2},"end":{"line":20,"column":4}},"2":{"start":{"line":23,"column":0},"end":{"line":25,"column":2}}},"fnMap":{"0":{"name":"(anonymous_0)","decl":{"start":{"line":4,"column":22},"end":{"line":4,"column":23}},"loc":{"start":{"line":4,"column":37},"end":{"line":21,"column":1}},"line":4}},"branchMap":{},"s":{"0":2,"1":6,"2":2},"f":{"0":6},"b":{},"_coverageSchema":"1a1c01bbd47fc00a2c39e90264f33305004495a9","hash":"2314454202b5b2ef1358261b46a418d02eed3bd2"}
,"D:\\Lumoshive\\Web\\Tugas Praktik\\GitHub\\Final Project E-Commerce Kelompok 3\\Final-Project-E-Commerce-Kelompok-3\\src\\components\\cart\\ProductCard.jsx": {"path":"D:\\Lumoshive\\Web\\Tugas Praktik\\GitHub\\Final Project E-Commerce Kelompok 3\\Final-Project-E-Commerce-Kelompok-3\\src\\components\\cart\\ProductCard.jsx","statementMap":{"0":{"start":{"line":5,"column":20},"end":{"line":39,"column":1}},"1":{"start":{"line":6,"column":19},"end":{"line":6,"column":35}},"2":{"start":{"line":8,"column":2},"end":{"line":38,"column":4}},"3":{"start":{"line":29,"column":28},"end":{"line":29,"column":58}},"4":{"start":{"line":30,"column":28},"end":{"line":30,"column":58}},"5":{"start":{"line":41,"column":0},"end":{"line":47,"column":2}}},"fnMap":{"0":{"name":"(anonymous_0)","decl":{"start":{"line":5,"column":20},"end":{"line":5,"column":21}},"loc":{"start":{"line":5,"column":77},"end":{"line":39,"column":1}},"line":5},"1":{"name":"(anonymous_1)","decl":{"start":{"line":29,"column":22},"end":{"line":29,"column":23}},"loc":{"start":{"line":29,"column":28},"end":{"line":29,"column":58}},"line":29},"2":{"name":"(anonymous_2)","decl":{"start":{"line":30,"column":22},"end":{"line":30,"column":23}},"loc":{"start":{"line":30,"column":28},"end":{"line":30,"column":58}},"line":30}},"branchMap":{},"s":{"0":1,"1":4,"2":4,"3":1,"4":1,"5":1},"f":{"0":4,"1":1,"2":1},"b":{},"_coverageSchema":"1a1c01bbd47fc00a2c39e90264f33305004495a9","hash":"8cce701d4ca8cf02213e686412d6d56d7a433888"}
,"D:\\Lumoshive\\Web\\Tugas Praktik\\GitHub\\Final Project E-Commerce Kelompok 3\\Final-Project-E-Commerce-Kelompok-3\\src\\components\\checkout\\Breadcrumb.jsx": {"path":"D:\\Lumoshive\\Web\\Tugas Praktik\\GitHub\\Final Project E-Commerce Kelompok 3\\Final-Project-E-Commerce-Kelompok-3\\src\\components\\checkout\\Breadcrumb.jsx","statementMap":{"0":{"start":{"line":5,"column":19},"end":{"line":17,"column":1}},"1":{"start":{"line":6,"column":2},"end":{"line":16,"column":4}}},"fnMap":{"0":{"name":"(anonymous_0)","decl":{"start":{"line":5,"column":19},"end":{"line":5,"column":20}},"loc":{"start":{"line":5,"column":25},"end":{"line":17,"column":1}},"line":5}},"branchMap":{},"s":{"0":1,"1":1},"f":{"0":1},"b":{},"_coverageSchema":"1a1c01bbd47fc00a2c39e90264f33305004495a9","hash":"613828317e8361cce13200550c5f2baae926122a"}
,"D:\\Lumoshive\\Web\\Tugas Praktik\\GitHub\\Final Project E-Commerce Kelompok 3\\Final-Project-E-Commerce-Kelompok-3\\src\\components\\checkout\\InvoiceCard.jsx": {"path":"D:\\Lumoshive\\Web\\Tugas Praktik\\GitHub\\Final Project E-Commerce Kelompok 3\\Final-Project-E-Commerce-Kelompok-3\\src\\components\\checkout\\InvoiceCard.jsx","statementMap":{"0":{"start":{"line":7,"column":20},"end":{"line":36,"column":1}},"1":{"start":{"line":8,"column":2},"end":{"line":35,"column":4}},"2":{"start":{"line":11,"column":8},"end":{"line":16,"column":10}},"3":{"start":{"line":38,"column":0},"end":{"line":49,"column":2}}},"fnMap":{"0":{"name":"(anonymous_0)","decl":{"start":{"line":7,"column":20},"end":{"line":7,"column":21}},"loc":{"start":{"line":7,"column":41},"end":{"line":36,"column":1}},"line":7},"1":{"name":"(anonymous_1)","decl":{"start":{"line":10,"column":16},"end":{"line":10,"column":17}},"loc":{"start":{"line":11,"column":8},"end":{"line":16,"column":10}},"line":11}},"branchMap":{},"s":{"0":1,"1":2,"2":4,"3":1},"f":{"0":2,"1":4},"b":{},"_coverageSchema":"1a1c01bbd47fc00a2c39e90264f33305004495a9","hash":"4fcde40a2882f99dddeb4ada57f64e43b723fa09"}
,"D:\\Lumoshive\\Web\\Tugas Praktik\\GitHub\\Final Project E-Commerce Kelompok 3\\Final-Project-E-Commerce-Kelompok-3\\src\\components\\checkout\\InvoiceProduct.jsx": {"path":"D:\\Lumoshive\\Web\\Tugas Praktik\\GitHub\\Final Project E-Commerce Kelompok 3\\Final-Project-E-Commerce-Kelompok-3\\src\\components\\checkout\\InvoiceProduct.jsx","statementMap":{"0":{"start":{"line":4,"column":23},"end":{"line":18,"column":1}},"1":{"start":{"line":5,"column":2},"end":{"line":17,"column":4}},"2":{"start":{"line":20,"column":0},"end":{"line":24,"column":2}}},"fnMap":{"0":{"name":"(anonymous_0)","decl":{"start":{"line":4,"column":23},"end":{"line":4,"column":24}},"loc":{"start":{"line":4,"column":52},"end":{"line":18,"column":1}},"line":4}},"branchMap":{},"s":{"0":2,"1":5,"2":2},"f":{"0":5},"b":{},"_coverageSchema":"1a1c01bbd47fc00a2c39e90264f33305004495a9","hash":"a8366754f879d281aa79bbf2f56a648343e86649"}
,"D:\\Lumoshive\\Web\\Tugas Praktik\\GitHub\\Final Project E-Commerce Kelompok 3\\Final-Project-E-Commerce-Kelompok-3\\src\\components\\checkout\\ShippingCard.jsx": {"path":"D:\\Lumoshive\\Web\\Tugas Praktik\\GitHub\\Final Project E-Commerce Kelompok 3\\Final-Project-E-Commerce-Kelompok-3\\src\\components\\checkout\\ShippingCard.jsx","statementMap":{"0":{"start":{"line":3,"column":21},"end":{"line":14,"column":1}},"1":{"start":{"line":4,"column":2},"end":{"line":13,"column":4}}},"fnMap":{"0":{"name":"(anonymous_0)","decl":{"start":{"line":3,"column":21},"end":{"line":3,"column":22}},"loc":{"start":{"line":3,"column":27},"end":{"line":14,"column":1}},"line":3}},"branchMap":{},"s":{"0":1,"1":1},"f":{"0":1},"b":{},"_coverageSchema":"1a1c01bbd47fc00a2c39e90264f33305004495a9","hash":"5e3455ba3f5337921673948f5f3ce89474c5de6d"}
,"D:\\Lumoshive\\Web\\Tugas Praktik\\GitHub\\Final Project E-Commerce Kelompok 3\\Final-Project-E-Commerce-Kelompok-3\\src\\components\\homepage\\BannerCategoriesCard.jsx": {"path":"D:\\Lumoshive\\Web\\Tugas Praktik\\GitHub\\Final Project E-Commerce Kelompok 3\\Final-Project-E-Commerce-Kelompok-3\\src\\components\\homepage\\BannerCategoriesCard.jsx","statementMap":{"0":{"start":{"line":7,"column":29},"end":{"line":33,"column":1}},"1":{"start":{"line":8,"column":2},"end":{"line":32,"column":3}},"2":{"start":{"line":35,"column":0},"end":{"line":38,"column":1}}},"fnMap":{"0":{"name":"(anonymous_0)","decl":{"start":{"line":7,"column":29},"end":{"line":7,"column":30}},"loc":{"start":{"line":7,"column":51},"end":{"line":33,"column":1}},"line":7}},"branchMap":{},"s":{"0":1,"1":3,"2":1},"f":{"0":3},"b":{},"_coverageSchema":"1a1c01bbd47fc00a2c39e90264f33305004495a9","hash":"d8b21829064a226bdcf94e9538a4c342eddc3acd"}
,"D:\\Lumoshive\\Web\\Tugas Praktik\\GitHub\\Final Project E-Commerce Kelompok 3\\Final-Project-E-Commerce-Kelompok-3\\src\\components\\homepage\\CategoryCard.jsx": {"path":"D:\\Lumoshive\\Web\\Tugas Praktik\\GitHub\\Final Project E-Commerce Kelompok 3\\Final-Project-E-Commerce-Kelompok-3\\src\\components\\homepage\\CategoryCard.jsx","statementMap":{"0":{"start":{"line":5,"column":21},"end":{"line":12,"column":1}},"1":{"start":{"line":6,"column":4},"end":{"line":11,"column":5}},"2":{"start":{"line":14,"column":0},"end":{"line":17,"column":1}}},"fnMap":{"0":{"name":"(anonymous_0)","decl":{"start":{"line":5,"column":21},"end":{"line":5,"column":22}},"loc":{"start":{"line":5,"column":43},"end":{"line":12,"column":1}},"line":5}},"branchMap":{},"s":{"0":1,"1":2,"2":1},"f":{"0":2},"b":{},"_coverageSchema":"1a1c01bbd47fc00a2c39e90264f33305004495a9","hash":"1846edcf2401b0319dab815563a16a90e987dd1c"}
,"D:\\Lumoshive\\Web\\Tugas Praktik\\GitHub\\Final Project E-Commerce Kelompok 3\\Final-Project-E-Commerce-Kelompok-3\\src\\components\\homepage\\RecommendedCard.jsx": {"path":"D:\\Lumoshive\\Web\\Tugas Praktik\\GitHub\\Final Project E-Commerce Kelompok 3\\Final-Project-E-Commerce-Kelompok-3\\src\\components\\homepage\\RecommendedCard.jsx","statementMap":{"0":{"start":{"line":5,"column":24},"end":{"line":20,"column":1}},"1":{"start":{"line":6,"column":2},"end":{"line":19,"column":4}},"2":{"start":{"line":22,"column":0},"end":{"line":26,"column":2}}},"fnMap":{"0":{"name":"(anonymous_0)","decl":{"start":{"line":5,"column":24},"end":{"line":5,"column":25}},"loc":{"start":{"line":5,"column":57},"end":{"line":20,"column":1}},"line":5}},"branchMap":{},"s":{"0":1,"1":3,"2":1},"f":{"0":3},"b":{},"_coverageSchema":"1a1c01bbd47fc00a2c39e90264f33305004495a9","hash":"8ed4cac1d850713d34a989da9e9db728c949b53c"}
,"D:\\Lumoshive\\Web\\Tugas Praktik\\GitHub\\Final Project E-Commerce Kelompok 3\\Final-Project-E-Commerce-Kelompok-3\\src\\components\\homepage\\ServiceCard.jsx": {"path":"D:\\Lumoshive\\Web\\Tugas Praktik\\GitHub\\Final Project E-Commerce Kelompok 3\\Final-Project-E-Commerce-Kelompok-3\\src\\components\\homepage\\ServiceCard.jsx","statementMap":{"0":{"start":{"line":4,"column":20},"end":{"line":18,"column":1}},"1":{"start":{"line":5,"column":2},"end":{"line":17,"column":3}},"2":{"start":{"line":20,"column":0},"end":{"line":24,"column":1}}},"fnMap":{"0":{"name":"(anonymous_0)","decl":{"start":{"line":4,"column":20},"end":{"line":4,"column":21}},"loc":{"start":{"line":4,"column":55},"end":{"line":18,"column":1}},"line":4}},"branchMap":{},"s":{"0":1,"1":2,"2":1},"f":{"0":2},"b":{},"_coverageSchema":"1a1c01bbd47fc00a2c39e90264f33305004495a9","hash":"2221379ef1cee2db9517efdae29e1b0fb4766d44"}
,"D:\\Lumoshive\\Web\\Tugas Praktik\\GitHub\\Final Project E-Commerce Kelompok 3\\Final-Project-E-Commerce-Kelompok-3\\src\\components\\product-detail\\Breadcrumb.jsx": {"path":"D:\\Lumoshive\\Web\\Tugas Praktik\\GitHub\\Final Project E-Commerce Kelompok 3\\Final-Project-E-Commerce-Kelompok-3\\src\\components\\product-detail\\Breadcrumb.jsx","statementMap":{"0":{"start":{"line":5,"column":19},"end":{"line":17,"column":1}},"1":{"start":{"line":6,"column":2},"end":{"line":16,"column":4}}},"fnMap":{"0":{"name":"(anonymous_0)","decl":{"start":{"line":5,"column":19},"end":{"line":5,"column":20}},"loc":{"start":{"line":5,"column":25},"end":{"line":17,"column":1}},"line":5}},"branchMap":{},"s":{"0":1,"1":2},"f":{"0":2},"b":{},"_coverageSchema":"1a1c01bbd47fc00a2c39e90264f33305004495a9","hash":"cda6a9b3eff2a6a3d08ec8bc955fffc50cae44dd"}
,"D:\\Lumoshive\\Web\\Tugas Praktik\\GitHub\\Final Project E-Commerce Kelompok 3\\Final-Project-E-Commerce-Kelompok-3\\src\\components\\product-detail\\ChangeQuantityButton.jsx": {"path":"D:\\Lumoshive\\Web\\Tugas Praktik\\GitHub\\Final Project E-Commerce Kelompok 3\\Final-Project-E-Commerce-Kelompok-3\\src\\components\\product-detail\\ChangeQuantityButton.jsx","statementMap":{"0":{"start":{"line":3,"column":29},"end":{"line":35,"column":1}},"1":{"start":{"line":4,"column":34},"end":{"line":4,"column":45}},"2":{"start":{"line":6,"column":25},"end":{"line":10,"column":3}},"3":{"start":{"line":7,"column":4},"end":{"line":9,"column":5}},"4":{"start":{"line":8,"column":6},"end":{"line":8,"column":32}},"5":{"start":{"line":11,"column":25},"end":{"line":13,"column":3}},"6":{"start":{"line":12,"column":4},"end":{"line":12,"column":30}},"7":{"start":{"line":15,"column":2},"end":{"line":34,"column":4}}},"fnMap":{"0":{"name":"(anonymous_0)","decl":{"start":{"line":3,"column":29},"end":{"line":3,"column":30}},"loc":{"start":{"line":3,"column":35},"end":{"line":35,"column":1}},"line":3},"1":{"name":"(anonymous_1)","decl":{"start":{"line":6,"column":25},"end":{"line":6,"column":26}},"loc":{"start":{"line":6,"column":31},"end":{"line":10,"column":3}},"line":6},"2":{"name":"(anonymous_2)","decl":{"start":{"line":11,"column":25},"end":{"line":11,"column":26}},"loc":{"start":{"line":11,"column":31},"end":{"line":13,"column":3}},"line":11}},"branchMap":{"0":{"loc":{"start":{"line":7,"column":4},"end":{"line":9,"column":5}},"type":"if","locations":[{"start":{"line":7,"column":4},"end":{"line":9,"column":5}},{"start":{},"end":{}}],"line":7}},"s":{"0":1,"1":9,"2":9,"3":1,"4":1,"5":9,"6":2,"7":9},"f":{"0":9,"1":1,"2":2},"b":{"0":[1,0]},"_coverageSchema":"1a1c01bbd47fc00a2c39e90264f33305004495a9","hash":"033fd43ae754dd8b57dadf25adc13b4863aba614"}
,"D:\\Lumoshive\\Web\\Tugas Praktik\\GitHub\\Final Project E-Commerce Kelompok 3\\Final-Project-E-Commerce-Kelompok-3\\src\\components\\product-detail\\SelectSizeButton.jsx": {"path":"D:\\Lumoshive\\Web\\Tugas Praktik\\GitHub\\Final Project E-Commerce Kelompok 3\\Final-Project-E-Commerce-Kelompok-3\\src\\components\\product-detail\\SelectSizeButton.jsx","statementMap":{"0":{"start":{"line":3,"column":25},"end":{"line":26,"column":1}},"1":{"start":{"line":4,"column":2},"end":{"line":25,"column":4}}},"fnMap":{"0":{"name":"(anonymous_0)","decl":{"start":{"line":3,"column":25},"end":{"line":3,"column":26}},"loc":{"start":{"line":3,"column":31},"end":{"line":26,"column":1}},"line":3}},"branchMap":{},"s":{"0":1,"1":3},"f":{"0":3},"b":{},"_coverageSchema":"1a1c01bbd47fc00a2c39e90264f33305004495a9","hash":"ccf84cbd7957d2362f98e77c4d52eb798e61173c"}
,"D:\\Lumoshive\\Web\\Tugas Praktik\\GitHub\\Final Project E-Commerce Kelompok 3\\Final-Project-E-Commerce-Kelompok-3\\src\\components\\product-detail\\ServiceCard.jsx": {"path":"D:\\Lumoshive\\Web\\Tugas Praktik\\GitHub\\Final Project E-Commerce Kelompok 3\\Final-Project-E-Commerce-Kelompok-3\\src\\components\\product-detail\\ServiceCard.jsx","statementMap":{"0":{"start":{"line":5,"column":20},"end":{"line":28,"column":1}},"1":{"start":{"line":6,"column":2},"end":{"line":27,"column":4}}},"fnMap":{"0":{"name":"(anonymous_0)","decl":{"start":{"line":5,"column":20},"end":{"line":5,"column":21}},"loc":{"start":{"line":5,"column":26},"end":{"line":28,"column":1}},"line":5}},"branchMap":{},"s":{"0":1,"1":2},"f":{"0":2},"b":{},"_coverageSchema":"1a1c01bbd47fc00a2c39e90264f33305004495a9","hash":"9814f0dbbeef8bd017075dd22df15b16628c040a"}
,"D:\\Lumoshive\\Web\\Tugas Praktik\\GitHub\\Final Project E-Commerce Kelompok 3\\Final-Project-E-Commerce-Kelompok-3\\src\\components\\products\\CategorySidebar.jsx": {"path":"D:\\Lumoshive\\Web\\Tugas Praktik\\GitHub\\Final Project E-Commerce Kelompok 3\\Final-Project-E-Commerce-Kelompok-3\\src\\components\\products\\CategorySidebar.jsx","statementMap":{"0":{"start":{"line":3,"column":31},"end":{"line":28,"column":1}},"1":{"start":{"line":4,"column":28},"end":{"line":6,"column":3}},"2":{"start":{"line":5,"column":4},"end":{"line":5,"column":59}},"3":{"start":{"line":8,"column":2},"end":{"line":27,"column":4}},"4":{"start":{"line":18,"column":12},"end":{"line":22,"column":17}}},"fnMap":{"0":{"name":"(anonymous_0)","decl":{"start":{"line":3,"column":31},"end":{"line":3,"column":32}},"loc":{"start":{"line":3,"column":67},"end":{"line":28,"column":1}},"line":3},"1":{"name":"(anonymous_1)","decl":{"start":{"line":4,"column":28},"end":{"line":4,"column":29}},"loc":{"start":{"line":4,"column":42},"end":{"line":6,"column":3}},"line":4},"2":{"name":"(anonymous_2)","decl":{"start":{"line":17,"column":26},"end":{"line":17,"column":27}},"loc":{"start":{"line":18,"column":12},"end":{"line":22,"column":17}},"line":18}},"branchMap":{"0":{"loc":{"start":{"line":13,"column":101},"end":{"line":13,"column":162}},"type":"cond-expr","locations":[{"start":{"line":13,"column":128},"end":{"line":13,"column":144}},{"start":{"line":13,"column":147},"end":{"line":13,"column":162}}],"line":13},"1":{"loc":{"start":{"line":19,"column":145},"end":{"line":19,"column":209}},"type":"cond-expr","locations":[{"start":{"line":19,"column":175},"end":{"line":19,"column":191}},{"start":{"line":19,"column":194},"end":{"line":19,"column":209}}],"line":19}},"s":{"0":1,"1":4,"2":16,"3":4,"4":16},"f":{"0":4,"1":16,"2":16},"b":{"0":[3,1],"1":[1,15]},"_coverageSchema":"1a1c01bbd47fc00a2c39e90264f33305004495a9","hash":"f73490bf75a1e6785f573a4d2fe7f786340f85c4"}
,"D:\\Lumoshive\\Web\\Tugas Praktik\\GitHub\\Final Project E-Commerce Kelompok 3\\Final-Project-E-Commerce-Kelompok-3\\src\\components\\products\\ProductSection.jsx": {"path":"D:\\Lumoshive\\Web\\Tugas Praktik\\GitHub\\Final Project E-Commerce Kelompok 3\\Final-Project-E-Commerce-Kelompok-3\\src\\components\\products\\ProductSection.jsx","statementMap":{"0":{"start":{"line":5,"column":30},"end":{"line":73,"column":1}},"1":{"start":{"line":6,"column":48},"end":{"line":6,"column":59}},"2":{"start":{"line":7,"column":46},"end":{"line":7,"column":60}},"3":{"start":{"line":9,"column":2},"end":{"line":30,"column":17}},"4":{"start":{"line":10,"column":34},"end":{"line":18,"column":5}},"5":{"start":{"line":11,"column":26},"end":{"line":11,"column":43}},"6":{"start":{"line":12,"column":6},"end":{"line":16,"column":7}},"7":{"start":{"line":13,"column":8},"end":{"line":13,"column":30}},"8":{"start":{"line":15,"column":8},"end":{"line":15,"column":30}},"9":{"start":{"line":17,"column":6},"end":{"line":17,"column":59}},"10":{"start":{"line":21,"column":4},"end":{"line":21,"column":28}},"11":{"start":{"line":24,"column":4},"end":{"line":24,"column":61}},"12":{"start":{"line":27,"column":4},"end":{"line":29,"column":6}},"13":{"start":{"line":28,"column":6},"end":{"line":28,"column":66}},"14":{"start":{"line":32,"column":25},"end":{"line":41,"column":3}},"15":{"start":{"line":33,"column":22},"end":{"line":33,"column":53}},"16":{"start":{"line":34,"column":31},"end":{"line":34,"column":58}},"17":{"start":{"line":35,"column":4},"end":{"line":35,"column":43}},"18":{"start":{"line":38,"column":4},"end":{"line":40,"column":5}},"19":{"start":{"line":39,"column":6},"end":{"line":39,"column":31}},"20":{"start":{"line":43,"column":28},"end":{"line":43,"column":62}},"21":{"start":{"line":45,"column":2},"end":{"line":72,"column":4}},"22":{"start":{"line":55,"column":10},"end":{"line":57,"column":16}},"23":{"start":{"line":75,"column":0},"end":{"line":82,"column":2}}},"fnMap":{"0":{"name":"(anonymous_0)","decl":{"start":{"line":5,"column":30},"end":{"line":5,"column":31}},"loc":{"start":{"line":5,"column":55},"end":{"line":73,"column":1}},"line":5},"1":{"name":"(anonymous_1)","decl":{"start":{"line":9,"column":12},"end":{"line":9,"column":13}},"loc":{"start":{"line":9,"column":18},"end":{"line":30,"column":3}},"line":9},"2":{"name":"(anonymous_2)","decl":{"start":{"line":10,"column":34},"end":{"line":10,"column":35}},"loc":{"start":{"line":10,"column":40},"end":{"line":18,"column":5}},"line":10},"3":{"name":"(anonymous_3)","decl":{"start":{"line":27,"column":11},"end":{"line":27,"column":12}},"loc":{"start":{"line":27,"column":17},"end":{"line":29,"column":5}},"line":27},"4":{"name":"(anonymous_4)","decl":{"start":{"line":32,"column":25},"end":{"line":32,"column":26}},"loc":{"start":{"line":32,"column":31},"end":{"line":41,"column":3}},"line":32},"5":{"name":"(anonymous_5)","decl":{"start":{"line":54,"column":31},"end":{"line":54,"column":32}},"loc":{"start":{"line":55,"column":10},"end":{"line":57,"column":16}},"line":55}},"branchMap":{"0":{"loc":{"start":{"line":12,"column":6},"end":{"line":16,"column":7}},"type":"if","locations":[{"start":{"line":12,"column":6},"end":{"line":16,"column":7}},{"start":{"line":14,"column":13},"end":{"line":16,"column":7}}],"line":12},"1":{"loc":{"start":{"line":33,"column":22},"end":{"line":33,"column":53}},"type":"cond-expr","locations":[{"start":{"line":33,"column":48},"end":{"line":33,"column":49}},{"start":{"line":33,"column":52},"end":{"line":33,"column":53}}],"line":33},"2":{"loc":{"start":{"line":38,"column":4},"end":{"line":40,"column":5}},"type":"if","locations":[{"start":{"line":38,"column":4},"end":{"line":40,"column":5}},{"start":{},"end":{}}],"line":38},"3":{"loc":{"start":{"line":61,"column":7},"end":{"line":70,"column":7}},"type":"binary-expr","locations":[{"start":{"line":61,"column":7},"end":{"line":61,"column":21}},{"start":{"line":62,"column":8},"end":{"line":69,"column":14}}],"line":61}},"s":{"0":1,"1":13,"2":13,"3":13,"4":6,"5":7,"6":7,"7":1,"8":6,"9":7,"10":6,"11":6,"12":6,"13":6,"14":13,"15":2,"16":2,"17":2,"18":2,"19":2,"20":13,"21":13,"22":84,"23":1},"f":{"0":13,"1":6,"2":7,"3":6,"4":2,"5":84},"b":{"0":[1,6],"1":[0,2],"2":[2,0],"3":[13,8]},"_coverageSchema":"1a1c01bbd47fc00a2c39e90264f33305004495a9","hash":"2c001f5e1f7bb5b839e31cc48ba33564691712a7"}
,"D:\\Lumoshive\\Web\\Tugas Praktik\\GitHub\\Final Project E-Commerce Kelompok 3\\Final-Project-E-Commerce-Kelompok-3\\src\\components\\profile\\AddressBookCard.jsx": {"path":"D:\\Lumoshive\\Web\\Tugas Praktik\\GitHub\\Final Project E-Commerce Kelompok 3\\Final-Project-E-Commerce-Kelompok-3\\src\\components\\profile\\AddressBookCard.jsx","statementMap":{"0":{"start":{"line":5,"column":24},"end":{"line":34,"column":1}},"1":{"start":{"line":6,"column":2},"end":{"line":33,"column":4}},"2":{"start":{"line":14,"column":33},"end":{"line":14,"column":71}}},"fnMap":{"0":{"name":"(anonymous_0)","decl":{"start":{"line":5,"column":24},"end":{"line":5,"column":25}},"loc":{"start":{"line":5,"column":51},"end":{"line":34,"column":1}},"line":5},"1":{"name":"(anonymous_1)","decl":{"start":{"line":14,"column":27},"end":{"line":14,"column":28}},"loc":{"start":{"line":14,"column":33},"end":{"line":14,"column":71}},"line":14}},"branchMap":{"0":{"loc":{"start":{"line":21,"column":11},"end":{"line":29,"column":11}},"type":"binary-expr","locations":[{"start":{"line":21,"column":11},"end":{"line":21,"column":39}},{"start":{"line":22,"column":12},"end":{"line":28,"column":21}}],"line":21}},"s":{"0":1,"1":4,"2":1},"f":{"0":4,"1":1},"b":{"0":[4,3]},"_coverageSchema":"1a1c01bbd47fc00a2c39e90264f33305004495a9","hash":"34f8a2c3e60c8caab632f73743524509380ed120"}
,"D:\\Lumoshive\\Web\\Tugas Praktik\\GitHub\\Final Project E-Commerce Kelompok 3\\Final-Project-E-Commerce-Kelompok-3\\src\\components\\profile\\Breadcrumb.jsx": {"path":"D:\\Lumoshive\\Web\\Tugas Praktik\\GitHub\\Final Project E-Commerce Kelompok 3\\Final-Project-E-Commerce-Kelompok-3\\src\\components\\profile\\Breadcrumb.jsx","statementMap":{"0":{"start":{"line":5,"column":19},"end":{"line":15,"column":1}},"1":{"start":{"line":6,"column":2},"end":{"line":14,"column":4}}},"fnMap":{"0":{"name":"(anonymous_0)","decl":{"start":{"line":5,"column":19},"end":{"line":5,"column":20}},"loc":{"start":{"line":5,"column":25},"end":{"line":15,"column":1}},"line":5}},"branchMap":{},"s":{"0":1,"1":1},"f":{"0":1},"b":{},"_coverageSchema":"1a1c01bbd47fc00a2c39e90264f33305004495a9","hash":"86d96d2b8af604273ae8d1916756875f5869af05"}
,"D:\\Lumoshive\\Web\\Tugas Praktik\\GitHub\\Final Project E-Commerce Kelompok 3\\Final-Project-E-Commerce-Kelompok-3\\src\\components\\profile\\MyOrders.jsx": {"path":"D:\\Lumoshive\\Web\\Tugas Praktik\\GitHub\\Final Project E-Commerce Kelompok 3\\Final-Project-E-Commerce-Kelompok-3\\src\\components\\profile\\MyOrders.jsx","statementMap":{"0":{"start":{"line":7,"column":17},"end":{"line":39,"column":1}},"1":{"start":{"line":8,"column":17},"end":{"line":30,"column":3}},"2":{"start":{"line":31,"column":2},"end":{"line":38,"column":4}},"3":{"start":{"line":35,"column":8},"end":{"line":35,"column":47}}},"fnMap":{"0":{"name":"(anonymous_0)","decl":{"start":{"line":7,"column":17},"end":{"line":7,"column":18}},"loc":{"start":{"line":7,"column":23},"end":{"line":39,"column":1}},"line":7},"1":{"name":"(anonymous_1)","decl":{"start":{"line":34,"column":18},"end":{"line":34,"column":19}},"loc":{"start":{"line":35,"column":8},"end":{"line":35,"column":47}},"line":35}},"branchMap":{},"s":{"0":1,"1":2,"2":2,"3":6},"f":{"0":2,"1":6},"b":{},"_coverageSchema":"1a1c01bbd47fc00a2c39e90264f33305004495a9","hash":"819089caede12b8c3d89c228e8541dd680451cba"}
,"D:\\Lumoshive\\Web\\Tugas Praktik\\GitHub\\Final Project E-Commerce Kelompok 3\\Final-Project-E-Commerce-Kelompok-3\\src\\components\\profile\\OrderCard.jsx": {"path":"D:\\Lumoshive\\Web\\Tugas Praktik\\GitHub\\Final Project E-Commerce Kelompok 3\\Final-Project-E-Commerce-Kelompok-3\\src\\components\\profile\\OrderCard.jsx","statementMap":{"0":{"start":{"line":3,"column":18},"end":{"line":22,"column":1}},"1":{"start":{"line":4,"column":2},"end":{"line":21,"column":4}}},"fnMap":{"0":{"name":"(anonymous_0)","decl":{"start":{"line":3,"column":18},"end":{"line":3,"column":19}},"loc":{"start":{"line":3,"column":53},"end":{"line":22,"column":1}},"line":3}},"branchMap":{},"s":{"0":2,"1":8},"f":{"0":8},"b":{},"_coverageSchema":"1a1c01bbd47fc00a2c39e90264f33305004495a9","hash":"91a880ccb47c01bff0e5f7e12be543e4cf85df76"}
}
