{"D:\\Lumoshive\\Web\\Tugas Praktik\\GitHub\\Final Project E-Commerce Kelompok 3\\Final-Project-E-Commerce-Kelompok-3\\src\\components\\about\\Breadcrumb.jsx": {"path":"D:\\Lumoshive\\Web\\Tugas Praktik\\GitHub\\Final Project E-Commerce Kelompok 3\\Final-Project-E-Commerce-Kelompok-3\\src\\components\\about\\Breadcrumb.jsx","statementMap":{"0":{"start":{"line":5,"column":19},"end":{"line":15,"column":1}},"1":{"start":{"line":6,"column":2},"end":{"line":14,"column":4}}},"fnMap":{"0":{"name":"(anonymous_0)","decl":{"start":{"line":5,"column":19},"end":{"line":5,"column":20}},"loc":{"start":{"line":5,"column":25},"end":{"line":15,"column":1}},"line":5}},"branchMap":{},"s":{"0":1,"1":2},"f":{"0":2},"b":{},"_coverageSchema":"1a1c01bbd47fc00a2c39e90264f33305004495a9","hash":"41b9ec803a60b6cf38e7a920156f23a4ec7a8dd5"}
}
